

processing file: 3_summarize_rfam_output.Rmd
  |                                                                         |                                                                 |   0%  |                                                                         |.............                                                    |  20%
  ordinary text without R code

  |                                                                         |..........................                                       |  40%
label: unnamed-chunk-1
  |                                                                         |.......................................                          |  60%
  ordinary text without R code

  |                                                                         |....................................................             |  80%
label: unnamed-chunk-2
  |                                                                         |.................................................................| 100%
  ordinary text without R code


output file: 3_summarize_rfam_output.md

Job Id: 30545605.mgr-04.i
    Job_Name = 3_summarize_rfam_output
    Job_Owner = perrykai@dev-intel14.i
    job_state = R
    queue = main
    server = mgr-04.i
    Checkpoint = u
    ctime = Sat Mar 12 16:55:56 2016
    Error_Path = dev-intel14:/mnt/research/pigeqtl/analyses/microRNA/2_mirna_c
	haracterization_expression/0_rfam_database_query/scripts/3_summarize_r
	fam_output_literate/3_summarize_rfam_output.out
    exec_host = css-088/10
    Hold_Types = n
    Join_Path = oe
    Keep_Files = n
    Mail_Points = abe
    mtime = Sat Mar 12 16:56:33 2016
    Output_Path = dev-intel14:/mnt/research/pigeqtl/analyses/microRNA/2_mirna_
	characterization_expression/0_rfam_database_query/scripts/3_summarize_
	rfam_output_literate/3_summarize_rfam_output.out
    Priority = 0
    qtime = Sat Mar 12 16:55:56 2016
    Rerunable = False
    Resource_List.mem = 1gb
    Resource_List.nodect = 1
    Resource_List.nodes = 1:ppn=1:intel14
    Resource_List.walltime = 00:05:00
    session_id = 93835
    Variable_List = PBS_O_QUEUE=main,PBS_O_HOME=/mnt/home/perrykai,
	PBS_O_LOGNAME=perrykai,
	PBS_O_PATH=/opt/software/R/3.1.0--GCC-4.4.5/bin:/opt/software/powerto
	ols/bin:/opt/software/Stata/13.0:/opt/software/MATLAB/R2014a/bin:/opt/
	software/Python/2.7.2--GCC-4.4.5/bin:/opt/software/cmake/2.8.5--GCC-4.
	4.5/bin:/opt/software/OpenMPI/1.4.3--GCC-4.4.5/bin:/usr/lib64/qt-3.3/b
	in:/opt/software/lmod/bin:/opt/moab/bin:/usr/local/bin:/bin:/usr/bin:/
	usr/local/sbin:/usr/sbin:/sbin:/usr/local/hpcc/bin:/mnt/home/perrykai/
	gitclones/spin-my-script/,PBS_O_MAIL=/var/spool/mail/perrykai,
	PBS_O_SHELL=/bin/bash,PBS_O_LANG=en_US.UTF-8,
	PBS_O_WORKDIR=/mnt/research/pigeqtl/analyses/microRNA/2_mirna_charact
	erization_expression/0_rfam_database_query/scripts,
	PBS_O_HOST=dev-intel14.i,PBS_O_SERVER=mgr-04
    euser = perrykai
    egroup = gene-expression
    queue_type = E
    etime = Sat Mar 12 16:55:56 2016
    submit_args = base.sh
    start_time = Sat Mar 12 16:56:33 2016
    Walltime.Remaining = 241
    start_count = 1
    fault_tolerant = False
    job_radix = 0
    submit_host = dev-intel14.i

